This file contains any messages produced by compilers while
running configure, to aid debugging if configure makes a mistake.

It was created by configure, which was
generated by GNU Autoconf 2.69.  Invocation command line was

  $ ./configure --with-libzip=/usr/local/Cellar/libzip/1.5.1 --with-zlib-dir=/usr/local/Cellar/zlib/1.2.11/

## --------- ##
## Platform. ##
## --------- ##

hostname = BJ1682.local
uname -m = x86_64
uname -r = 18.0.0
uname -s = Darwin
uname -v = Darwin Kernel Version 18.0.0: Wed Aug 22 20:13:40 PDT 2018; root:xnu-4903.201.2~1/RELEASE_X86_64

/usr/bin/uname -p = i386
/bin/uname -X     = unknown

/bin/arch              = unknown
/usr/bin/arch -k       = unknown
/usr/convex/getsysinfo = unknown
/usr/bin/hostinfo      = Mach kernel version:
	 Darwin Kernel Version 18.0.0: Wed Aug 22 20:13:40 PDT 2018; root:xnu-4903.201.2~1/RELEASE_X86_64
Kernel configured for up to 4 processors.
2 processors are physically available.
4 processors are logically available.
Processor type: x86_64h (Intel x86-64h Haswell)
Processors active: 0 1 2 3
Primary memory available: 8.00 gigabytes
Default processor set: 376 tasks, 2257 threads, 4 processors
Load average: 3.60, Mach factor: 1.19
/bin/machine           = unknown
/usr/bin/oslevel       = unknown
/bin/universe          = unknown

PATH: /usr/local/bin
PATH: /usr/bin
PATH: /bin
PATH: /usr/sbin
PATH: /sbin
PATH: /usr/local/go/bin
PATH: /Library/Frameworks/Mono.framework/Versions/Current/Commands


## ----------- ##
## Core tests. ##
## ----------- ##

configure:2644: checking for grep that handles long lines and -e
configure:2702: result: /usr/bin/grep
configure:2707: checking for egrep
configure:2769: result: /usr/bin/grep -E
configure:2774: checking for a sed that does not truncate output
configure:2828: result: /usr/bin/sed
configure:2965: checking for cc
configure:2981: found /usr/bin/cc
configure:2992: result: cc
configure:3023: checking for C compiler version
configure:3032: cc --version >&5
Apple LLVM version 8.0.0 (clang-800.0.38)
Target: x86_64-apple-darwin18.0.0
Thread model: posix
InstalledDir: /Applications/Xcode.app/Contents/Developer/Toolchains/XcodeDefault.xctoolchain/usr/bin
configure:3043: $? = 0
configure:3032: cc -v >&5
Apple LLVM version 8.0.0 (clang-800.0.38)
Target: x86_64-apple-darwin18.0.0
Thread model: posix
InstalledDir: /Applications/Xcode.app/Contents/Developer/Toolchains/XcodeDefault.xctoolchain/usr/bin
configure:3043: $? = 0
configure:3032: cc -V >&5
clang: error: argument to '-V' is missing (expected 1 value)
clang: error: no input files
configure:3043: $? = 1
configure:3032: cc -qversion >&5
clang: error: unknown argument: '-qversion'
clang: error: no input files
configure:3043: $? = 1
configure:3063: checking whether the C compiler works
configure:3085: cc    conftest.c  >&5
configure:3089: $? = 0
configure:3137: result: yes
configure:3140: checking for C compiler default output file name
configure:3142: result: a.out
configure:3148: checking for suffix of executables
configure:3155: cc -o conftest    conftest.c  >&5
configure:3159: $? = 0
configure:3181: result: 
configure:3203: checking whether we are cross compiling
configure:3211: cc -o conftest    conftest.c  >&5
configure:3215: $? = 0
configure:3222: ./conftest
configure:3226: $? = 0
configure:3241: result: no
configure:3246: checking for suffix of object files
configure:3268: cc -c   conftest.c >&5
configure:3272: $? = 0
configure:3293: result: o
configure:3297: checking whether we are using the GNU C compiler
configure:3316: cc -c   conftest.c >&5
configure:3316: $? = 0
configure:3325: result: yes
configure:3334: checking whether cc accepts -g
configure:3354: cc -c -g  conftest.c >&5
configure:3354: $? = 0
configure:3395: result: yes
configure:3412: checking for cc option to accept ISO C89
configure:3475: cc  -c -g -O2  conftest.c >&5
configure:3475: $? = 0
configure:3488: result: none needed
configure:3514: checking how to run the C preprocessor
configure:3545: cc -E  conftest.c
configure:3545: $? = 0
configure:3559: cc -E  conftest.c
conftest.c:9:10: fatal error: 'ac_nonexistent.h' file not found
#include <ac_nonexistent.h>
         ^
1 error generated.
configure:3559: $? = 1
configure: failed program was:
| /* confdefs.h */
| #define PACKAGE_NAME ""
| #define PACKAGE_TARNAME ""
| #define PACKAGE_VERSION ""
| #define PACKAGE_STRING ""
| #define PACKAGE_BUGREPORT ""
| #define PACKAGE_URL ""
| /* end confdefs.h.  */
| #include <ac_nonexistent.h>
configure:3584: result: cc -E
configure:3604: cc -E  conftest.c
configure:3604: $? = 0
configure:3618: cc -E  conftest.c
conftest.c:9:10: fatal error: 'ac_nonexistent.h' file not found
#include <ac_nonexistent.h>
         ^
1 error generated.
configure:3618: $? = 1
configure: failed program was:
| /* confdefs.h */
| #define PACKAGE_NAME ""
| #define PACKAGE_TARNAME ""
| #define PACKAGE_VERSION ""
| #define PACKAGE_STRING ""
| #define PACKAGE_BUGREPORT ""
| #define PACKAGE_URL ""
| /* end confdefs.h.  */
| #include <ac_nonexistent.h>
configure:3649: checking for icc
configure:3658: result: no
configure:3672: checking for suncc
configure:3681: result: no
configure:3699: checking whether cc understands -c and -o together
configure:3727: cc -c conftest.c -o conftest2.o >&5
configure:3731: $? = 0
configure:3737: cc -c conftest.c -o conftest2.o >&5
configure:3741: $? = 0
configure:3796: result: yes
configure:3810: checking for system library directory
configure:3825: result: lib
configure:3832: checking if compiler supports -R
configure:3851: cc -o conftest -g -O2   conftest.c -R /usr/lib  >&5
warning: unknown remark option '-R' [-Wunknown-warning-option]
1 warning generated.
ld: can't map file, errno=22 file '/Applications/Xcode.app/Contents/Developer/Platforms/MacOSX.platform/Developer/SDKs/MacOSX10.12.sdk/usr/lib' for architecture x86_64
clang: error: linker command failed with exit code 1 (use -v to see invocation)
configure:3851: $? = 1
configure: failed program was:
| /* confdefs.h */
| #define PACKAGE_NAME ""
| #define PACKAGE_TARNAME ""
| #define PACKAGE_VERSION ""
| #define PACKAGE_STRING ""
| #define PACKAGE_BUGREPORT ""
| #define PACKAGE_URL ""
| /* end confdefs.h.  */
| 
| int
| main ()
| {
| 
|   ;
|   return 0;
| }
configure:3861: result: no
configure:3866: checking if compiler supports -Wl,-rpath,
configure:3885: cc -o conftest -g -O2   conftest.c -Wl,-rpath,/usr/lib  >&5
configure:3885: $? = 0
configure:3895: result: yes
configure:3940: checking build system type
configure:3954: result: x86_64-apple-darwin18.0.0
configure:3974: checking host system type
configure:3987: result: x86_64-apple-darwin18.0.0
configure:4007: checking target system type
configure:4020: result: x86_64-apple-darwin18.0.0
configure:4123: checking for PHP prefix
configure:4125: result: /usr/local
configure:4127: checking for PHP includes
configure:4129: result: -I/usr/local/include/php -I/usr/local/include/php/main -I/usr/local/include/php/TSRM -I/usr/local/include/php/Zend -I/usr/local/include/php/ext -I/usr/local/include/php/ext/date/lib
configure:4131: checking for PHP extension directory
configure:4133: result: /usr/local/lib/php/extensions/no-debug-non-zts-20170718
configure:4135: checking for PHP installed headers prefix
configure:4137: result: /usr/local/include/php
configure:4140: checking if debug is enabled
configure:4166: result: no
configure:4169: checking if zts is enabled
configure:4195: result: no
configure:4266: checking for re2c
configure:4282: found /usr/local/bin/re2c
configure:4293: result: re2c
configure:4302: checking for re2c version
configure:4316: result: 1.1.1 (ok)
configure:4335: checking for gawk
configure:4366: result: no
configure:4335: checking for nawk
configure:4366: result: no
configure:4335: checking for awk
configure:4352: found /usr/bin/awk
configure:4363: result: awk
configure:4386: checking if awk is broken
configure:4393: result: no
configure:4407: checking for zip archive read/writesupport
configure:4446: result: yes, shared
configure:4456: checking for the location of libz
configure:4471: result: /usr/local/Cellar/zlib/1.2.11/
configure:4481: checking pcre install prefix
configure:4496: result: no
configure:4505: checking libzip
configure:4520: result: /usr/local/Cellar/libzip/1.5.1
configure:4550: checking for the location of zlib
configure:4555: result: /usr/local/Cellar/zlib/1.2.11/
configure:4691: checking for pkg-config
configure:4722: result: no
configure:4731: checking for libzip
configure:4736: result: from option: found in /usr/local/Cellar/libzip/1.5.1
configure:4865: checking for zip_open in -lzip
configure:4890: cc -o conftest -g -O2  -Wl,-rpath,/usr/local/Cellar/libzip/1.5.1/lib -L/usr/local/Cellar/libzip/1.5.1/lib  conftest.c -lzip   >&5
configure:4890: $? = 0
configure:4899: result: yes
configure:5117: checking for zip_file_set_encryption in -lzip
configure:5142: cc -o conftest -g -O2  -Wl,-rpath,/usr/local/Cellar/libzip/1.5.1/lib -L/usr/local/Cellar/libzip/1.5.1/lib  conftest.c -lzip   >&5
configure:5142: $? = 0
configure:5151: result: yes
configure:5370: checking for zip_libzip_version in -lzip
configure:5395: cc -o conftest -g -O2  -Wl,-rpath,/usr/local/Cellar/libzip/1.5.1/lib -L/usr/local/Cellar/libzip/1.5.1/lib  conftest.c -lzip   >&5
configure:5395: $? = 0
configure:5404: result: yes
configure:6014: checking for ANSI C header files
configure:6034: cc -c -g -O2  conftest.c >&5
configure:6034: $? = 0
configure:6107: cc -o conftest -g -O2   conftest.c  >&5
configure:6107: $? = 0
configure:6107: ./conftest
configure:6107: $? = 0
configure:6118: result: yes
configure:6131: checking for sys/types.h
configure:6131: cc -c -g -O2  conftest.c >&5
configure:6131: $? = 0
configure:6131: result: yes
configure:6131: checking for sys/stat.h
configure:6131: cc -c -g -O2  conftest.c >&5
configure:6131: $? = 0
configure:6131: result: yes
configure:6131: checking for stdlib.h
configure:6131: cc -c -g -O2  conftest.c >&5
configure:6131: $? = 0
configure:6131: result: yes
configure:6131: checking for string.h
configure:6131: cc -c -g -O2  conftest.c >&5
configure:6131: $? = 0
configure:6131: result: yes
configure:6131: checking for memory.h
configure:6131: cc -c -g -O2  conftest.c >&5
configure:6131: $? = 0
configure:6131: result: yes
configure:6131: checking for strings.h
configure:6131: cc -c -g -O2  conftest.c >&5
configure:6131: $? = 0
configure:6131: result: yes
configure:6131: checking for inttypes.h
configure:6131: cc -c -g -O2  conftest.c >&5
configure:6131: $? = 0
configure:6131: result: yes
configure:6131: checking for stdint.h
configure:6131: cc -c -g -O2  conftest.c >&5
configure:6131: $? = 0
configure:6131: result: yes
configure:6131: checking for unistd.h
configure:6131: cc -c -g -O2  conftest.c >&5
configure:6131: $? = 0
configure:6131: result: yes
configure:6145: checking stdbool.h usability
configure:6145: cc -c -g -O2  conftest.c >&5
configure:6145: $? = 0
configure:6145: result: yes
configure:6145: checking stdbool.h presence
configure:6145: cc -E  conftest.c
configure:6145: $? = 0
configure:6145: result: yes
configure:6145: checking for stdbool.h
configure:6145: result: yes
configure:6157: checking fts.h usability
configure:6157: cc -c -g -O2  conftest.c >&5
configure:6157: $? = 0
configure:6157: result: yes
configure:6157: checking fts.h presence
configure:6157: cc -E  conftest.c
configure:6157: $? = 0
configure:6157: result: yes
configure:6157: checking for fts.h
configure:6157: result: yes
configure:6168: checking for int8_t
configure:6168: cc -c -g -O2  conftest.c >&5
configure:6168: $? = 0
configure:6168: cc -c -g -O2  conftest.c >&5
conftest.c:62:21: error: expected expression
if (sizeof ((int8_t)))
                    ^
1 error generated.
configure:6168: $? = 1
configure: failed program was:
| /* confdefs.h */
| #define PACKAGE_NAME ""
| #define PACKAGE_TARNAME ""
| #define PACKAGE_VERSION ""
| #define PACKAGE_STRING ""
| #define PACKAGE_BUGREPORT ""
| #define PACKAGE_URL ""
| #define HAVE_LIBZIP 1
| #define HAVE_ENCRYPTION 1
| #define HAVE_LIBZIP_VERSION 1
| #define HAVE_ZIP 1
| #define COMPILE_DL_ZIP 1
| #define STDC_HEADERS 1
| #define HAVE_SYS_TYPES_H 1
| #define HAVE_SYS_STAT_H 1
| #define HAVE_STDLIB_H 1
| #define HAVE_STRING_H 1
| #define HAVE_MEMORY_H 1
| #define HAVE_STRINGS_H 1
| #define HAVE_INTTYPES_H 1
| #define HAVE_STDINT_H 1
| #define HAVE_UNISTD_H 1
| #define HAVE_STDBOOL_H 1
| #define HAVE_FTS_H 1
| /* end confdefs.h.  */
| #include <stdio.h>
| #ifdef HAVE_SYS_TYPES_H
| # include <sys/types.h>
| #endif
| #ifdef HAVE_SYS_STAT_H
| # include <sys/stat.h>
| #endif
| #ifdef STDC_HEADERS
| # include <stdlib.h>
| # include <stddef.h>
| #else
| # ifdef HAVE_STDLIB_H
| #  include <stdlib.h>
| # endif
| #endif
| #ifdef HAVE_STRING_H
| # if !defined STDC_HEADERS && defined HAVE_MEMORY_H
| #  include <memory.h>
| # endif
| # include <string.h>
| #endif
| #ifdef HAVE_STRINGS_H
| # include <strings.h>
| #endif
| #ifdef HAVE_INTTYPES_H
| # include <inttypes.h>
| #endif
| #ifdef HAVE_STDINT_H
| # include <stdint.h>
| #endif
| #ifdef HAVE_UNISTD_H
| # include <unistd.h>
| #endif
| int
| main ()
| {
| if (sizeof ((int8_t)))
| 	    return 0;
|   ;
|   return 0;
| }
configure:6168: result: yes
configure:6178: checking for int16_t
configure:6178: cc -c -g -O2  conftest.c >&5
configure:6178: $? = 0
configure:6178: cc -c -g -O2  conftest.c >&5
conftest.c:63:22: error: expected expression
if (sizeof ((int16_t)))
                     ^
1 error generated.
configure:6178: $? = 1
configure: failed program was:
| /* confdefs.h */
| #define PACKAGE_NAME ""
| #define PACKAGE_TARNAME ""
| #define PACKAGE_VERSION ""
| #define PACKAGE_STRING ""
| #define PACKAGE_BUGREPORT ""
| #define PACKAGE_URL ""
| #define HAVE_LIBZIP 1
| #define HAVE_ENCRYPTION 1
| #define HAVE_LIBZIP_VERSION 1
| #define HAVE_ZIP 1
| #define COMPILE_DL_ZIP 1
| #define STDC_HEADERS 1
| #define HAVE_SYS_TYPES_H 1
| #define HAVE_SYS_STAT_H 1
| #define HAVE_STDLIB_H 1
| #define HAVE_STRING_H 1
| #define HAVE_MEMORY_H 1
| #define HAVE_STRINGS_H 1
| #define HAVE_INTTYPES_H 1
| #define HAVE_STDINT_H 1
| #define HAVE_UNISTD_H 1
| #define HAVE_STDBOOL_H 1
| #define HAVE_FTS_H 1
| #define HAVE_INT8_T 1
| /* end confdefs.h.  */
| #include <stdio.h>
| #ifdef HAVE_SYS_TYPES_H
| # include <sys/types.h>
| #endif
| #ifdef HAVE_SYS_STAT_H
| # include <sys/stat.h>
| #endif
| #ifdef STDC_HEADERS
| # include <stdlib.h>
| # include <stddef.h>
| #else
| # ifdef HAVE_STDLIB_H
| #  include <stdlib.h>
| # endif
| #endif
| #ifdef HAVE_STRING_H
| # if !defined STDC_HEADERS && defined HAVE_MEMORY_H
| #  include <memory.h>
| # endif
| # include <string.h>
| #endif
| #ifdef HAVE_STRINGS_H
| # include <strings.h>
| #endif
| #ifdef HAVE_INTTYPES_H
| # include <inttypes.h>
| #endif
| #ifdef HAVE_STDINT_H
| # include <stdint.h>
| #endif
| #ifdef HAVE_UNISTD_H
| # include <unistd.h>
| #endif
| int
| main ()
| {
| if (sizeof ((int16_t)))
| 	    return 0;
|   ;
|   return 0;
| }
configure:6178: result: yes
configure:6188: checking for int32_t
configure:6188: cc -c -g -O2  conftest.c >&5
configure:6188: $? = 0
configure:6188: cc -c -g -O2  conftest.c >&5
conftest.c:64:22: error: expected expression
if (sizeof ((int32_t)))
                     ^
1 error generated.
configure:6188: $? = 1
configure: failed program was:
| /* confdefs.h */
| #define PACKAGE_NAME ""
| #define PACKAGE_TARNAME ""
| #define PACKAGE_VERSION ""
| #define PACKAGE_STRING ""
| #define PACKAGE_BUGREPORT ""
| #define PACKAGE_URL ""
| #define HAVE_LIBZIP 1
| #define HAVE_ENCRYPTION 1
| #define HAVE_LIBZIP_VERSION 1
| #define HAVE_ZIP 1
| #define COMPILE_DL_ZIP 1
| #define STDC_HEADERS 1
| #define HAVE_SYS_TYPES_H 1
| #define HAVE_SYS_STAT_H 1
| #define HAVE_STDLIB_H 1
| #define HAVE_STRING_H 1
| #define HAVE_MEMORY_H 1
| #define HAVE_STRINGS_H 1
| #define HAVE_INTTYPES_H 1
| #define HAVE_STDINT_H 1
| #define HAVE_UNISTD_H 1
| #define HAVE_STDBOOL_H 1
| #define HAVE_FTS_H 1
| #define HAVE_INT8_T 1
| #define HAVE_INT16_T 1
| /* end confdefs.h.  */
| #include <stdio.h>
| #ifdef HAVE_SYS_TYPES_H
| # include <sys/types.h>
| #endif
| #ifdef HAVE_SYS_STAT_H
| # include <sys/stat.h>
| #endif
| #ifdef STDC_HEADERS
| # include <stdlib.h>
| # include <stddef.h>
| #else
| # ifdef HAVE_STDLIB_H
| #  include <stdlib.h>
| # endif
| #endif
| #ifdef HAVE_STRING_H
| # if !defined STDC_HEADERS && defined HAVE_MEMORY_H
| #  include <memory.h>
| # endif
| # include <string.h>
| #endif
| #ifdef HAVE_STRINGS_H
| # include <strings.h>
| #endif
| #ifdef HAVE_INTTYPES_H
| # include <inttypes.h>
| #endif
| #ifdef HAVE_STDINT_H
| # include <stdint.h>
| #endif
| #ifdef HAVE_UNISTD_H
| # include <unistd.h>
| #endif
| int
| main ()
| {
| if (sizeof ((int32_t)))
| 	    return 0;
|   ;
|   return 0;
| }
configure:6188: result: yes
configure:6198: checking for int64_t
configure:6198: cc -c -g -O2  conftest.c >&5
configure:6198: $? = 0
configure:6198: cc -c -g -O2  conftest.c >&5
conftest.c:65:22: error: expected expression
if (sizeof ((int64_t)))
                     ^
1 error generated.
configure:6198: $? = 1
configure: failed program was:
| /* confdefs.h */
| #define PACKAGE_NAME ""
| #define PACKAGE_TARNAME ""
| #define PACKAGE_VERSION ""
| #define PACKAGE_STRING ""
| #define PACKAGE_BUGREPORT ""
| #define PACKAGE_URL ""
| #define HAVE_LIBZIP 1
| #define HAVE_ENCRYPTION 1
| #define HAVE_LIBZIP_VERSION 1
| #define HAVE_ZIP 1
| #define COMPILE_DL_ZIP 1
| #define STDC_HEADERS 1
| #define HAVE_SYS_TYPES_H 1
| #define HAVE_SYS_STAT_H 1
| #define HAVE_STDLIB_H 1
| #define HAVE_STRING_H 1
| #define HAVE_MEMORY_H 1
| #define HAVE_STRINGS_H 1
| #define HAVE_INTTYPES_H 1
| #define HAVE_STDINT_H 1
| #define HAVE_UNISTD_H 1
| #define HAVE_STDBOOL_H 1
| #define HAVE_FTS_H 1
| #define HAVE_INT8_T 1
| #define HAVE_INT16_T 1
| #define HAVE_INT32_T 1
| /* end confdefs.h.  */
| #include <stdio.h>
| #ifdef HAVE_SYS_TYPES_H
| # include <sys/types.h>
| #endif
| #ifdef HAVE_SYS_STAT_H
| # include <sys/stat.h>
| #endif
| #ifdef STDC_HEADERS
| # include <stdlib.h>
| # include <stddef.h>
| #else
| # ifdef HAVE_STDLIB_H
| #  include <stdlib.h>
| # endif
| #endif
| #ifdef HAVE_STRING_H
| # if !defined STDC_HEADERS && defined HAVE_MEMORY_H
| #  include <memory.h>
| # endif
| # include <string.h>
| #endif
| #ifdef HAVE_STRINGS_H
| # include <strings.h>
| #endif
| #ifdef HAVE_INTTYPES_H
| # include <inttypes.h>
| #endif
| #ifdef HAVE_STDINT_H
| # include <stdint.h>
| #endif
| #ifdef HAVE_UNISTD_H
| # include <unistd.h>
| #endif
| int
| main ()
| {
| if (sizeof ((int64_t)))
| 	    return 0;
|   ;
|   return 0;
| }
configure:6198: result: yes
configure:6208: checking for uint8_t
configure:6208: cc -c -g -O2  conftest.c >&5
configure:6208: $? = 0
configure:6208: cc -c -g -O2  conftest.c >&5
conftest.c:66:22: error: expected expression
if (sizeof ((uint8_t)))
                     ^
1 error generated.
configure:6208: $? = 1
configure: failed program was:
| /* confdefs.h */
| #define PACKAGE_NAME ""
| #define PACKAGE_TARNAME ""
| #define PACKAGE_VERSION ""
| #define PACKAGE_STRING ""
| #define PACKAGE_BUGREPORT ""
| #define PACKAGE_URL ""
| #define HAVE_LIBZIP 1
| #define HAVE_ENCRYPTION 1
| #define HAVE_LIBZIP_VERSION 1
| #define HAVE_ZIP 1
| #define COMPILE_DL_ZIP 1
| #define STDC_HEADERS 1
| #define HAVE_SYS_TYPES_H 1
| #define HAVE_SYS_STAT_H 1
| #define HAVE_STDLIB_H 1
| #define HAVE_STRING_H 1
| #define HAVE_MEMORY_H 1
| #define HAVE_STRINGS_H 1
| #define HAVE_INTTYPES_H 1
| #define HAVE_STDINT_H 1
| #define HAVE_UNISTD_H 1
| #define HAVE_STDBOOL_H 1
| #define HAVE_FTS_H 1
| #define HAVE_INT8_T 1
| #define HAVE_INT16_T 1
| #define HAVE_INT32_T 1
| #define HAVE_INT64_T 1
| /* end confdefs.h.  */
| #include <stdio.h>
| #ifdef HAVE_SYS_TYPES_H
| # include <sys/types.h>
| #endif
| #ifdef HAVE_SYS_STAT_H
| # include <sys/stat.h>
| #endif
| #ifdef STDC_HEADERS
| # include <stdlib.h>
| # include <stddef.h>
| #else
| # ifdef HAVE_STDLIB_H
| #  include <stdlib.h>
| # endif
| #endif
| #ifdef HAVE_STRING_H
| # if !defined STDC_HEADERS && defined HAVE_MEMORY_H
| #  include <memory.h>
| # endif
| # include <string.h>
| #endif
| #ifdef HAVE_STRINGS_H
| # include <strings.h>
| #endif
| #ifdef HAVE_INTTYPES_H
| # include <inttypes.h>
| #endif
| #ifdef HAVE_STDINT_H
| # include <stdint.h>
| #endif
| #ifdef HAVE_UNISTD_H
| # include <unistd.h>
| #endif
| int
| main ()
| {
| if (sizeof ((uint8_t)))
| 	    return 0;
|   ;
|   return 0;
| }
configure:6208: result: yes
configure:6218: checking for uint16_t
configure:6218: cc -c -g -O2  conftest.c >&5
configure:6218: $? = 0
configure:6218: cc -c -g -O2  conftest.c >&5
conftest.c:67:23: error: expected expression
if (sizeof ((uint16_t)))
                      ^
1 error generated.
configure:6218: $? = 1
configure: failed program was:
| /* confdefs.h */
| #define PACKAGE_NAME ""
| #define PACKAGE_TARNAME ""
| #define PACKAGE_VERSION ""
| #define PACKAGE_STRING ""
| #define PACKAGE_BUGREPORT ""
| #define PACKAGE_URL ""
| #define HAVE_LIBZIP 1
| #define HAVE_ENCRYPTION 1
| #define HAVE_LIBZIP_VERSION 1
| #define HAVE_ZIP 1
| #define COMPILE_DL_ZIP 1
| #define STDC_HEADERS 1
| #define HAVE_SYS_TYPES_H 1
| #define HAVE_SYS_STAT_H 1
| #define HAVE_STDLIB_H 1
| #define HAVE_STRING_H 1
| #define HAVE_MEMORY_H 1
| #define HAVE_STRINGS_H 1
| #define HAVE_INTTYPES_H 1
| #define HAVE_STDINT_H 1
| #define HAVE_UNISTD_H 1
| #define HAVE_STDBOOL_H 1
| #define HAVE_FTS_H 1
| #define HAVE_INT8_T 1
| #define HAVE_INT16_T 1
| #define HAVE_INT32_T 1
| #define HAVE_INT64_T 1
| #define HAVE_UINT8_T 1
| /* end confdefs.h.  */
| #include <stdio.h>
| #ifdef HAVE_SYS_TYPES_H
| # include <sys/types.h>
| #endif
| #ifdef HAVE_SYS_STAT_H
| # include <sys/stat.h>
| #endif
| #ifdef STDC_HEADERS
| # include <stdlib.h>
| # include <stddef.h>
| #else
| # ifdef HAVE_STDLIB_H
| #  include <stdlib.h>
| # endif
| #endif
| #ifdef HAVE_STRING_H
| # if !defined STDC_HEADERS && defined HAVE_MEMORY_H
| #  include <memory.h>
| # endif
| # include <string.h>
| #endif
| #ifdef HAVE_STRINGS_H
| # include <strings.h>
| #endif
| #ifdef HAVE_INTTYPES_H
| # include <inttypes.h>
| #endif
| #ifdef HAVE_STDINT_H
| # include <stdint.h>
| #endif
| #ifdef HAVE_UNISTD_H
| # include <unistd.h>
| #endif
| int
| main ()
| {
| if (sizeof ((uint16_t)))
| 	    return 0;
|   ;
|   return 0;
| }
configure:6218: result: yes
configure:6228: checking for uint32_t
configure:6228: cc -c -g -O2  conftest.c >&5
configure:6228: $? = 0
configure:6228: cc -c -g -O2  conftest.c >&5
conftest.c:68:23: error: expected expression
if (sizeof ((uint32_t)))
                      ^
1 error generated.
configure:6228: $? = 1
configure: failed program was:
| /* confdefs.h */
| #define PACKAGE_NAME ""
| #define PACKAGE_TARNAME ""
| #define PACKAGE_VERSION ""
| #define PACKAGE_STRING ""
| #define PACKAGE_BUGREPORT ""
| #define PACKAGE_URL ""
| #define HAVE_LIBZIP 1
| #define HAVE_ENCRYPTION 1
| #define HAVE_LIBZIP_VERSION 1
| #define HAVE_ZIP 1
| #define COMPILE_DL_ZIP 1
| #define STDC_HEADERS 1
| #define HAVE_SYS_TYPES_H 1
| #define HAVE_SYS_STAT_H 1
| #define HAVE_STDLIB_H 1
| #define HAVE_STRING_H 1
| #define HAVE_MEMORY_H 1
| #define HAVE_STRINGS_H 1
| #define HAVE_INTTYPES_H 1
| #define HAVE_STDINT_H 1
| #define HAVE_UNISTD_H 1
| #define HAVE_STDBOOL_H 1
| #define HAVE_FTS_H 1
| #define HAVE_INT8_T 1
| #define HAVE_INT16_T 1
| #define HAVE_INT32_T 1
| #define HAVE_INT64_T 1
| #define HAVE_UINT8_T 1
| #define HAVE_UINT16_T 1
| /* end confdefs.h.  */
| #include <stdio.h>
| #ifdef HAVE_SYS_TYPES_H
| # include <sys/types.h>
| #endif
| #ifdef HAVE_SYS_STAT_H
| # include <sys/stat.h>
| #endif
| #ifdef STDC_HEADERS
| # include <stdlib.h>
| # include <stddef.h>
| #else
| # ifdef HAVE_STDLIB_H
| #  include <stdlib.h>
| # endif
| #endif
| #ifdef HAVE_STRING_H
| # if !defined STDC_HEADERS && defined HAVE_MEMORY_H
| #  include <memory.h>
| # endif
| # include <string.h>
| #endif
| #ifdef HAVE_STRINGS_H
| # include <strings.h>
| #endif
| #ifdef HAVE_INTTYPES_H
| # include <inttypes.h>
| #endif
| #ifdef HAVE_STDINT_H
| # include <stdint.h>
| #endif
| #ifdef HAVE_UNISTD_H
| # include <unistd.h>
| #endif
| int
| main ()
| {
| if (sizeof ((uint32_t)))
| 	    return 0;
|   ;
|   return 0;
| }
configure:6228: result: yes
configure:6238: checking for uint64_t
configure:6238: cc -c -g -O2  conftest.c >&5
configure:6238: $? = 0
configure:6238: cc -c -g -O2  conftest.c >&5
conftest.c:69:23: error: expected expression
if (sizeof ((uint64_t)))
                      ^
1 error generated.
configure:6238: $? = 1
configure: failed program was:
| /* confdefs.h */
| #define PACKAGE_NAME ""
| #define PACKAGE_TARNAME ""
| #define PACKAGE_VERSION ""
| #define PACKAGE_STRING ""
| #define PACKAGE_BUGREPORT ""
| #define PACKAGE_URL ""
| #define HAVE_LIBZIP 1
| #define HAVE_ENCRYPTION 1
| #define HAVE_LIBZIP_VERSION 1
| #define HAVE_ZIP 1
| #define COMPILE_DL_ZIP 1
| #define STDC_HEADERS 1
| #define HAVE_SYS_TYPES_H 1
| #define HAVE_SYS_STAT_H 1
| #define HAVE_STDLIB_H 1
| #define HAVE_STRING_H 1
| #define HAVE_MEMORY_H 1
| #define HAVE_STRINGS_H 1
| #define HAVE_INTTYPES_H 1
| #define HAVE_STDINT_H 1
| #define HAVE_UNISTD_H 1
| #define HAVE_STDBOOL_H 1
| #define HAVE_FTS_H 1
| #define HAVE_INT8_T 1
| #define HAVE_INT16_T 1
| #define HAVE_INT32_T 1
| #define HAVE_INT64_T 1
| #define HAVE_UINT8_T 1
| #define HAVE_UINT16_T 1
| #define HAVE_UINT32_T 1
| /* end confdefs.h.  */
| #include <stdio.h>
| #ifdef HAVE_SYS_TYPES_H
| # include <sys/types.h>
| #endif
| #ifdef HAVE_SYS_STAT_H
| # include <sys/stat.h>
| #endif
| #ifdef STDC_HEADERS
| # include <stdlib.h>
| # include <stddef.h>
| #else
| # ifdef HAVE_STDLIB_H
| #  include <stdlib.h>
| # endif
| #endif
| #ifdef HAVE_STRING_H
| # if !defined STDC_HEADERS && defined HAVE_MEMORY_H
| #  include <memory.h>
| # endif
| # include <string.h>
| #endif
| #ifdef HAVE_STRINGS_H
| # include <strings.h>
| #endif
| #ifdef HAVE_INTTYPES_H
| # include <inttypes.h>
| #endif
| #ifdef HAVE_STDINT_H
| # include <stdint.h>
| #endif
| #ifdef HAVE_UNISTD_H
| # include <unistd.h>
| #endif
| int
| main ()
| {
| if (sizeof ((uint64_t)))
| 	    return 0;
|   ;
|   return 0;
| }
configure:6238: result: yes
configure:6248: checking for ssize_t
configure:6248: cc -c -g -O2  conftest.c >&5
configure:6248: $? = 0
configure:6248: cc -c -g -O2  conftest.c >&5
conftest.c:70:22: error: expected expression
if (sizeof ((ssize_t)))
                     ^
1 error generated.
configure:6248: $? = 1
configure: failed program was:
| /* confdefs.h */
| #define PACKAGE_NAME ""
| #define PACKAGE_TARNAME ""
| #define PACKAGE_VERSION ""
| #define PACKAGE_STRING ""
| #define PACKAGE_BUGREPORT ""
| #define PACKAGE_URL ""
| #define HAVE_LIBZIP 1
| #define HAVE_ENCRYPTION 1
| #define HAVE_LIBZIP_VERSION 1
| #define HAVE_ZIP 1
| #define COMPILE_DL_ZIP 1
| #define STDC_HEADERS 1
| #define HAVE_SYS_TYPES_H 1
| #define HAVE_SYS_STAT_H 1
| #define HAVE_STDLIB_H 1
| #define HAVE_STRING_H 1
| #define HAVE_MEMORY_H 1
| #define HAVE_STRINGS_H 1
| #define HAVE_INTTYPES_H 1
| #define HAVE_STDINT_H 1
| #define HAVE_UNISTD_H 1
| #define HAVE_STDBOOL_H 1
| #define HAVE_FTS_H 1
| #define HAVE_INT8_T 1
| #define HAVE_INT16_T 1
| #define HAVE_INT32_T 1
| #define HAVE_INT64_T 1
| #define HAVE_UINT8_T 1
| #define HAVE_UINT16_T 1
| #define HAVE_UINT32_T 1
| #define HAVE_UINT64_T 1
| /* end confdefs.h.  */
| #include <stdio.h>
| #ifdef HAVE_SYS_TYPES_H
| # include <sys/types.h>
| #endif
| #ifdef HAVE_SYS_STAT_H
| # include <sys/stat.h>
| #endif
| #ifdef STDC_HEADERS
| # include <stdlib.h>
| # include <stddef.h>
| #else
| # ifdef HAVE_STDLIB_H
| #  include <stdlib.h>
| # endif
| #endif
| #ifdef HAVE_STRING_H
| # if !defined STDC_HEADERS && defined HAVE_MEMORY_H
| #  include <memory.h>
| # endif
| # include <string.h>
| #endif
| #ifdef HAVE_STRINGS_H
| # include <strings.h>
| #endif
| #ifdef HAVE_INTTYPES_H
| # include <inttypes.h>
| #endif
| #ifdef HAVE_STDINT_H
| # include <stdint.h>
| #endif
| #ifdef HAVE_UNISTD_H
| # include <unistd.h>
| #endif
| int
| main ()
| {
| if (sizeof ((ssize_t)))
| 	    return 0;
|   ;
|   return 0;
| }
configure:6248: result: yes
configure:6263: checking size of short
configure:6268: cc -o conftest -g -O2   conftest.c  >&5
configure:6268: $? = 0
configure:6268: ./conftest
configure:6268: $? = 0
configure:6282: result: 2
configure:6296: checking size of int
configure:6301: cc -o conftest -g -O2   conftest.c  >&5
configure:6301: $? = 0
configure:6301: ./conftest
configure:6301: $? = 0
configure:6315: result: 4
configure:6329: checking size of long
configure:6334: cc -o conftest -g -O2   conftest.c  >&5
configure:6334: $? = 0
configure:6334: ./conftest
configure:6334: $? = 0
configure:6348: result: 8
configure:6362: checking size of long long
configure:6367: cc -o conftest -g -O2   conftest.c  >&5
configure:6367: $? = 0
configure:6367: ./conftest
configure:6367: $? = 0
configure:6381: result: 8
configure:6395: checking size of off_t
configure:6400: cc -o conftest -g -O2   conftest.c  >&5
configure:6400: $? = 0
configure:6400: ./conftest
configure:6400: $? = 0
configure:6414: result: 8
configure:6431: checking size of size_t
configure:6436: cc -o conftest -g -O2   conftest.c  >&5
configure:6436: $? = 0
configure:6436: ./conftest
configure:6436: $? = 0
configure:6450: result: 8
configure:6463: checking for touch
configure:6481: found /usr/bin/touch
configure:6493: result: /usr/bin/touch
configure:6503: checking for unzip
configure:6521: found /usr/bin/unzip
configure:6533: result: /usr/bin/unzip
configure:6542: checking whether struct tm is in sys/time.h or time.h
configure:6562: cc -c -g -O2  conftest.c >&5
configure:6562: $? = 0
configure:6569: result: time.h
configure:6577: checking for struct tm.tm_zone
configure:6577: cc -c -g -O2  conftest.c >&5
configure:6577: $? = 0
configure:6577: result: yes
configure:6753: checking for ld used by cc
configure:6820: result: /Applications/Xcode.app/Contents/Developer/Toolchains/XcodeDefault.xctoolchain/usr/bin/ld
configure:6827: checking if the linker (/Applications/Xcode.app/Contents/Developer/Toolchains/XcodeDefault.xctoolchain/usr/bin/ld) is GNU ld
configure:6842: result: no
configure:6847: checking for /Applications/Xcode.app/Contents/Developer/Toolchains/XcodeDefault.xctoolchain/usr/bin/ld option to reload object files
configure:6854: result: -r
configure:6872: checking for BSD-compatible nm
configure:6921: result: /usr/bin/nm -B
configure:6925: checking whether ln -s works
configure:6929: result: yes
configure:6936: checking how to recognize dependent libraries
configure:7122: result: pass_all
configure:7342: checking dlfcn.h usability
configure:7342: cc -c -g -O2  conftest.c >&5
configure:7342: $? = 0
configure:7342: result: yes
configure:7342: checking dlfcn.h presence
configure:7342: cc -E  conftest.c
configure:7342: $? = 0
configure:7342: result: yes
configure:7342: checking for dlfcn.h
configure:7342: result: yes
configure:7364: checking the maximum length of command line arguments
configure:7476: result: 196608
configure:7488: checking command to parse /usr/bin/nm -B output from cc object
configure:7593: cc -c -g -O2  conftest.c >&5
configure:7596: $? = 0
configure:7600: /usr/bin/nm -B conftest.o \| sed -n -e 's/^.*[ 	]\([BCDEGRST][BCDEGRST]*\)[ 	][ 	]*\([_A-Za-z][_A-Za-z0-9]*\)$/\1 \2 \2/p' \> conftest.nm
configure:7603: $? = 0
cannot find nm_test_var in conftest.nm
configure:7593: cc -c -g -O2  conftest.c >&5
configure:7596: $? = 0
configure:7600: /usr/bin/nm -B conftest.o \| sed -n -e 's/^.*[ 	]\([BCDEGRST][BCDEGRST]*\)[ 	][ 	]*_\([_A-Za-z][_A-Za-z0-9]*\)$/\1 _\2 \2/p' \> conftest.nm
configure:7603: $? = 0
configure:7655: cc -o conftest -g -O2   conftest.c conftstm.o >&5
warning: (x86_64)  could not find object file symbol for symbol _main
configure:7658: $? = 0
configure:7696: result: ok
configure:7700: checking for objdir
configure:7715: result: .libs
configure:7807: checking for ar
configure:7823: found /usr/bin/ar
configure:7834: result: ar
configure:7899: checking for ranlib
configure:7915: found /usr/bin/ranlib
configure:7926: result: ranlib
configure:7991: checking for strip
configure:8007: found /usr/bin/strip
configure:8018: result: strip
configure:8271: checking for dsymutil
configure:8287: found /usr/bin/dsymutil
configure:8298: result: dsymutil
configure:8363: checking for nmedit
configure:8379: found /usr/bin/nmedit
configure:8390: result: nmedit
configure:8413: checking for -single_module linker flag
configure:8434: result: yes
configure:8436: checking for -exported_symbols_list linker flag
configure:8452: cc -o conftest -g -O2   -Wl,-exported_symbols_list,conftest.sym conftest.c  >&5
configure:8455: $? = 0
configure:8469: result: yes
configure:8587: checking if cc supports -fno-rtti -fno-exceptions
configure:8605: cc -c -g -O2  -fno-rtti -fno-exceptions conftest.c >&5
configure:8609: $? = 0
configure:8622: result: yes
configure:8637: checking for cc option to produce PIC
configure:8877: result: -fno-common
configure:8885: checking if cc PIC flag -fno-common works
configure:8903: cc -c -g -O2  -fno-common -DPIC conftest.c >&5
configure:8907: $? = 0
configure:8920: result: yes
configure:8948: checking if cc static flag -static works
configure:8976: result: no
configure:8986: checking if cc supports -c -o file.o
configure:9007: cc -c -g -O2  -o out/conftest2.o conftest.c >&5
configure:9011: $? = 0
configure:9033: result: yes
configure:9059: checking whether the cc linker (/Applications/Xcode.app/Contents/Developer/Toolchains/XcodeDefault.xctoolchain/usr/bin/ld) supports shared libraries
configure:9987: result: yes
configure:10054: checking dynamic linker characteristics
configure:10652: result: darwin18.0.0 dyld
configure:10676: checking how to hardcode library paths into programs
configure:10701: result: immediate
configure:10715: checking whether stripping libraries is possible
configure:10729: result: yes
configure:11237: checking if libtool supports shared libraries
configure:11239: result: yes
configure:11242: checking whether to build shared libraries
configure:11263: result: yes
configure:11266: checking whether to build static libraries
configure:11270: result: no
configure:11365: result:
creating libtool
configure:15063: creating ./config.status

## ---------------------- ##
## Running config.status. ##
## ---------------------- ##

This file was extended by config.status, which was
generated by GNU Autoconf 2.69.  Invocation command line was

  CONFIG_FILES    = 
  CONFIG_HEADERS  = 
  CONFIG_LINKS    = 
  CONFIG_COMMANDS = 
  $ ./config.status 

on BJ1682.local

config.status:699: creating config.h

## ---------------- ##
## Cache variables. ##
## ---------------- ##

ac_cv_build=x86_64-apple-darwin18.0.0
ac_cv_c_compiler_gnu=yes
ac_cv_env_CC_set=
ac_cv_env_CC_value=
ac_cv_env_CFLAGS_set=
ac_cv_env_CFLAGS_value=
ac_cv_env_CPPFLAGS_set=
ac_cv_env_CPPFLAGS_value=
ac_cv_env_CPP_set=
ac_cv_env_CPP_value=
ac_cv_env_LDFLAGS_set=
ac_cv_env_LDFLAGS_value=
ac_cv_env_LIBS_set=
ac_cv_env_LIBS_value=
ac_cv_env_build_alias_set=
ac_cv_env_build_alias_value=
ac_cv_env_host_alias_set=
ac_cv_env_host_alias_value=
ac_cv_env_target_alias_set=
ac_cv_env_target_alias_value=
ac_cv_header_dlfcn_h=yes
ac_cv_header_fts_h=yes
ac_cv_header_inttypes_h=yes
ac_cv_header_memory_h=yes
ac_cv_header_stdbool_h=yes
ac_cv_header_stdc=yes
ac_cv_header_stdint_h=yes
ac_cv_header_stdlib_h=yes
ac_cv_header_string_h=yes
ac_cv_header_strings_h=yes
ac_cv_header_sys_stat_h=yes
ac_cv_header_sys_types_h=yes
ac_cv_header_unistd_h=yes
ac_cv_host=x86_64-apple-darwin18.0.0
ac_cv_lib_zip_zip_file_set_encryption=yes
ac_cv_lib_zip_zip_libzip_version=yes
ac_cv_lib_zip_zip_open=yes
ac_cv_member_struct_tm_tm_zone=yes
ac_cv_objext=o
ac_cv_path_EGREP='/usr/bin/grep -E'
ac_cv_path_GREP=/usr/bin/grep
ac_cv_path_PKG_CONFIG=no
ac_cv_path_TOUCH=/usr/bin/touch
ac_cv_path_UNZIP=/usr/bin/unzip
ac_cv_prog_AWK=awk
ac_cv_prog_CPP='cc -E'
ac_cv_prog_RE2C=re2c
ac_cv_prog_ac_ct_AR=ar
ac_cv_prog_ac_ct_CC=cc
ac_cv_prog_ac_ct_DSYMUTIL=dsymutil
ac_cv_prog_ac_ct_NMEDIT=nmedit
ac_cv_prog_ac_ct_RANLIB=ranlib
ac_cv_prog_ac_ct_STRIP=strip
ac_cv_prog_cc_c89=
ac_cv_prog_cc_cc_c_o=yes
ac_cv_prog_cc_g=yes
ac_cv_sizeof_int=4
ac_cv_sizeof_long=8
ac_cv_sizeof_long_long=8
ac_cv_sizeof_off_t=8
ac_cv_sizeof_short=2
ac_cv_sizeof_size_t=8
ac_cv_struct_tm=time.h
ac_cv_target=x86_64-apple-darwin18.0.0
ac_cv_type_int16_t=yes
ac_cv_type_int32_t=yes
ac_cv_type_int64_t=yes
ac_cv_type_int8_t=yes
ac_cv_type_ssize_t=yes
ac_cv_type_uint16_t=yes
ac_cv_type_uint32_t=yes
ac_cv_type_uint64_t=yes
ac_cv_type_uint8_t=yes
lt_cv_apple_cc_single_mod=yes
lt_cv_deplibs_check_method=pass_all
lt_cv_file_magic_cmd='$MAGIC_CMD'
lt_cv_file_magic_test_file=
lt_cv_ld_exported_symbols_list=yes
lt_cv_ld_reload_flag=-r
lt_cv_objdir=.libs
lt_cv_path_LD=/Applications/Xcode.app/Contents/Developer/Toolchains/XcodeDefault.xctoolchain/usr/bin/ld
lt_cv_path_NM='/usr/bin/nm -B'
lt_cv_path_SED=/usr/bin/sed
lt_cv_prog_compiler_c_o=yes
lt_cv_prog_compiler_pic_works=yes
lt_cv_prog_compiler_rtti_exceptions=yes
lt_cv_prog_compiler_static_works=no
lt_cv_prog_gnu_ld=no
lt_cv_sys_global_symbol_pipe='sed -n -e '\''s/^.*[ 	]\([BCDEGRST][BCDEGRST]*\)[ 	][ 	]*_\([_A-Za-z][_A-Za-z0-9]*\)$/\1 _\2 \2/p'\'''
lt_cv_sys_global_symbol_to_c_name_address='sed -n -e '\''s/^: \([^ ]*\) $/  {\"\1\", (lt_ptr) 0},/p'\'' -e '\''s/^[BCDEGRST] \([^ ]*\) \([^ ]*\)$/  {"\2", (lt_ptr) \&\2},/p'\'''
lt_cv_sys_global_symbol_to_cdecl='sed -n -e '\''s/^. .* \(.*\)$/extern int \1;/p'\'''
lt_cv_sys_lib_dlsearch_path_spec='/usr/local/lib /lib /usr/lib'
lt_cv_sys_lib_search_path_spec='/Applications/Xcode.app/Contents/Developer/Toolchains/XcodeDefault.xctoolchain/usr/lib/clang/8.0.0 /usr/local/lib'
lt_cv_sys_max_cmd_len=196608
lt_lt_cv_prog_compiler_c_o='"yes"'
lt_lt_cv_sys_global_symbol_pipe='"sed -n -e '\''s/^.*[ 	]\\([BCDEGRST][BCDEGRST]*\\)[ 	][ 	]*_\\([_A-Za-z][_A-Za-z0-9]*\\)\$/\\1 _\\2 \\2/p'\''"'
lt_lt_cv_sys_global_symbol_to_c_name_address='"sed -n -e '\''s/^: \\([^ ]*\\) \$/  {\\\"\\1\\\", (lt_ptr) 0},/p'\'' -e '\''s/^[BCDEGRST] \\([^ ]*\\) \\([^ ]*\\)\$/  {\"\\2\", (lt_ptr) \\&\\2},/p'\''"'
lt_lt_cv_sys_global_symbol_to_cdecl='"sed -n -e '\''s/^. .* \\(.*\\)\$/extern int \\1;/p'\''"'
php_cv_cc_dashr=no
php_cv_cc_rpath=yes
php_cv_re2c_version='1.1.1 (ok)'

## ----------------- ##
## Output variables. ##
## ----------------- ##

AR='ar'
AWK='awk'
CC='cc'
CFLAGS='-g -O2'
CONFIGURE_COMMAND=' '\''./configure'\''  '\''--with-libzip=/usr/local/Cellar/libzip/1.5.1'\'' '\''--with-zlib-dir=/usr/local/Cellar/zlib/1.2.11/'\'''
CONFIGURE_OPTIONS=' '\''--with-libzip=/usr/local/Cellar/libzip/1.5.1'\'' '\''--with-zlib-dir=/usr/local/Cellar/zlib/1.2.11/'\'''
CPP='cc -E'
CPPFLAGS=' -DHAVE_CONFIG_H'
DEFS='-DHAVE_CONFIG_H'
DSYMUTIL='dsymutil'
ECHO='/bin/echo'
ECHO_C='\c'
ECHO_N=''
ECHO_T=''
EGREP='/usr/bin/grep -E'
EXEEXT=''
GREP='/usr/bin/grep'
LDFLAGS=''
LIBOBJS=''
LIBS=''
LIBTOOL='$(SHELL) $(top_builddir)/libtool'
LN_S='ln -s'
LTLIBOBJS=''
MANFMT='man'
NMEDIT='nmedit'
OBJEXT='o'
PACKAGE_BUGREPORT=''
PACKAGE_NAME=''
PACKAGE_STRING=''
PACKAGE_TARNAME=''
PACKAGE_URL=''
PACKAGE_VERSION=''
PATH_SEPARATOR=':'
PKG_CONFIG='no'
RANLIB='ranlib'
RE2C='re2c'
SED='/usr/bin/sed'
SHELL='/bin/sh'
SHLIB_DL_SUFFIX_NAME='so'
SHLIB_SUFFIX_NAME='dylib'
STRIP='strip'
TOUCH='/usr/bin/touch'
UNZIP='/usr/bin/unzip'
ac_ct_CC='cc'
bindir='${exec_prefix}/bin'
build='x86_64-apple-darwin18.0.0'
build_alias=''
build_cpu='x86_64'
build_os='darwin18.0.0'
build_vendor='apple'
datadir='${datarootdir}'
datarootdir='${prefix}/share'
docdir='${datarootdir}/doc/${PACKAGE}'
dvidir='${docdir}'
exec_prefix='$(prefix)'
host='x86_64-apple-darwin18.0.0'
host_alias='x86_64-apple-darwin18.0.0'
host_cpu='x86_64'
host_os='darwin18.0.0'
host_vendor='apple'
htmldir='${docdir}'
includedir='${prefix}/include'
infodir='${datarootdir}/info'
libdir='${exec_prefix}/lib'
libexecdir='${exec_prefix}/libexec'
localedir='${datarootdir}/locale'
localstatedir='${prefix}/var'
mandir='${datarootdir}/man'
oldincludedir='/usr/include'
pdfdir='${docdir}'
prefix='/usr/local'
program_transform_name='s,x,x,'
psdir='${docdir}'
sbindir='${exec_prefix}/sbin'
sharedstatedir='${prefix}/com'
sysconfdir='${prefix}/etc'
target='x86_64-apple-darwin18.0.0'
target_alias=''
target_cpu='x86_64'
target_os='darwin18.0.0'
target_vendor='apple'

## ----------- ##
## confdefs.h. ##
## ----------- ##

/* confdefs.h */
#define PACKAGE_NAME ""
#define PACKAGE_TARNAME ""
#define PACKAGE_VERSION ""
#define PACKAGE_STRING ""
#define PACKAGE_BUGREPORT ""
#define PACKAGE_URL ""
#define HAVE_LIBZIP 1
#define HAVE_ENCRYPTION 1
#define HAVE_LIBZIP_VERSION 1
#define HAVE_ZIP 1
#define COMPILE_DL_ZIP 1
#define STDC_HEADERS 1
#define HAVE_SYS_TYPES_H 1
#define HAVE_SYS_STAT_H 1
#define HAVE_STDLIB_H 1
#define HAVE_STRING_H 1
#define HAVE_MEMORY_H 1
#define HAVE_STRINGS_H 1
#define HAVE_INTTYPES_H 1
#define HAVE_STDINT_H 1
#define HAVE_UNISTD_H 1
#define HAVE_STDBOOL_H 1
#define HAVE_FTS_H 1
#define HAVE_INT8_T 1
#define HAVE_INT16_T 1
#define HAVE_INT32_T 1
#define HAVE_INT64_T 1
#define HAVE_UINT8_T 1
#define HAVE_UINT16_T 1
#define HAVE_UINT32_T 1
#define HAVE_UINT64_T 1
#define HAVE_SSIZE_T 1
#define SIZEOF_SHORT 2
#define SIZEOF_INT 4
#define SIZEOF_LONG 8
#define SIZEOF_LONG_LONG 8
#define SIZEOF_OFF_T 8
#define SIZEOF_SIZE_T 8
#define HAVE_STRUCT_TM_TM_ZONE 1
#define HAVE_TM_ZONE 1
#define HAVE_DLFCN_H 1

configure: exit 0
